Determining if the pthread_create exist failed with the following output:
Change Dir: /home/nagaharish/Downloads/cpp/pointnet-cpp/build/CMakeFiles/CMakeTmp

Run Build Command(s):/usr/bin/make cmTC_200c8/fast 
/usr/bin/make -f CMakeFiles/cmTC_200c8.dir/build.make CMakeFiles/cmTC_200c8.dir/build
make[1]: Entering directory '/home/nagaharish/Downloads/cpp/pointnet-cpp/build/CMakeFiles/CMakeTmp'
Building CXX object CMakeFiles/cmTC_200c8.dir/CheckSymbolExists.cxx.o
/usr/bin/c++     -o CMakeFiles/cmTC_200c8.dir/CheckSymbolExists.cxx.o -c /home/nagaharish/Downloads/cpp/pointnet-cpp/build/CMakeFiles/CMakeTmp/CheckSymbolExists.cxx
Linking CXX executable cmTC_200c8
/usr/local/bin/cmake -E cmake_link_script CMakeFiles/cmTC_200c8.dir/link.txt --verbose=1
/usr/bin/c++       -rdynamic CMakeFiles/cmTC_200c8.dir/CheckSymbolExists.cxx.o  -o cmTC_200c8 
CMakeFiles/cmTC_200c8.dir/CheckSymbolExists.cxx.o: In function `main':
CheckSymbolExists.cxx:(.text+0x16): undefined reference to `pthread_create'
collect2: error: ld returned 1 exit status
CMakeFiles/cmTC_200c8.dir/build.make:86: recipe for target 'cmTC_200c8' failed
make[1]: *** [cmTC_200c8] Error 1
make[1]: Leaving directory '/home/nagaharish/Downloads/cpp/pointnet-cpp/build/CMakeFiles/CMakeTmp'
Makefile:121: recipe for target 'cmTC_200c8/fast' failed
make: *** [cmTC_200c8/fast] Error 2

File /home/nagaharish/Downloads/cpp/pointnet-cpp/build/CMakeFiles/CMakeTmp/CheckSymbolExists.cxx:
/* */
#include <pthread.h>

int main(int argc, char** argv)
{
  (void)argv;
#ifndef pthread_create
  return ((int*)(&pthread_create))[argc];
#else
  (void)argc;
  return 0;
#endif
}

Determining if the function pthread_create exists in the pthreads failed with the following output:
Change Dir: /home/nagaharish/Downloads/cpp/pointnet-cpp/build/CMakeFiles/CMakeTmp

Run Build Command(s):/usr/bin/make cmTC_9cafc/fast 
/usr/bin/make -f CMakeFiles/cmTC_9cafc.dir/build.make CMakeFiles/cmTC_9cafc.dir/build
make[1]: Entering directory '/home/nagaharish/Downloads/cpp/pointnet-cpp/build/CMakeFiles/CMakeTmp'
Building CXX object CMakeFiles/cmTC_9cafc.dir/CheckFunctionExists.cxx.o
/usr/bin/c++    -DCHECK_FUNCTION_EXISTS=pthread_create   -o CMakeFiles/cmTC_9cafc.dir/CheckFunctionExists.cxx.o -c /home/nagaharish/Downloads/cpp/pointnet-cpp/build/CMakeFiles/CheckLibraryExists/CheckFunctionExists.cxx
Linking CXX executable cmTC_9cafc
/usr/local/bin/cmake -E cmake_link_script CMakeFiles/cmTC_9cafc.dir/link.txt --verbose=1
/usr/bin/c++   -DCHECK_FUNCTION_EXISTS=pthread_create    -rdynamic CMakeFiles/cmTC_9cafc.dir/CheckFunctionExists.cxx.o  -o cmTC_9cafc -lpthreads 
/usr/bin/ld: cannot find -lpthreads
collect2: error: ld returned 1 exit status
CMakeFiles/cmTC_9cafc.dir/build.make:86: recipe for target 'cmTC_9cafc' failed
make[1]: *** [cmTC_9cafc] Error 1
make[1]: Leaving directory '/home/nagaharish/Downloads/cpp/pointnet-cpp/build/CMakeFiles/CMakeTmp'
Makefile:121: recipe for target 'cmTC_9cafc/fast' failed
make: *** [cmTC_9cafc/fast] Error 2


